0 info it worked if it ends with ok
1 verbose cli [ '/home/ubuntu/.nvm/versions/node/v4.4.0/bin/node',
1 verbose cli   '/home/ubuntu/.nvm/versions/node/v4.4.0/bin/npm',
1 verbose cli   'install',
1 verbose cli   'io.connect' ]
2 info using npm@2.14.20
3 info using node@v4.4.0
4 verbose install initial load of /home/ubuntu/workspace/package.json
5 warn package.json klepetalnice@0.0.1 No repository field.
6 warn package.json klepetalnice@0.0.1 No license field.
7 verbose installManyTop reading scoped package data from /home/ubuntu/workspace/node_modules/mime/package.json
8 verbose installManyTop reading scoped package data from /home/ubuntu/workspace/node_modules/socket.io/package.json
9 info package.json socket.io@0.9.17 No license field.
10 info package.json mime@1.2.11 No license field.
11 verbose readDependencies loading dependencies from /home/ubuntu/workspace/package.json
12 silly cache add args [ 'io.connect', null ]
13 verbose cache add spec io.connect
14 silly cache add parsed spec Result {
14 silly cache add   raw: 'io.connect',
14 silly cache add   scope: null,
14 silly cache add   name: 'io.connect',
14 silly cache add   rawSpec: '',
14 silly cache add   spec: 'latest',
14 silly cache add   type: 'tag' }
15 silly addNamed io.connect@latest
16 verbose addNamed "latest" is being treated as a dist-tag for io.connect
17 info addNameTag [ 'io.connect', 'latest' ]
18 silly mapToRegistry name io.connect
19 silly mapToRegistry using default registry
20 silly mapToRegistry registry https://registry.npmjs.org/
21 silly mapToRegistry uri https://registry.npmjs.org/io.connect
22 verbose addNameTag registry:https://registry.npmjs.org/io.connect not in flight; fetching
23 verbose request uri https://registry.npmjs.org/io.connect
24 verbose request no auth needed
25 info attempt registry request try #1 at 7:13:03 PM
26 verbose request id 5d090b07305c8784
27 http request GET https://registry.npmjs.org/io.connect
28 http 404 https://registry.npmjs.org/io.connect
29 verbose headers { 'content-type': 'application/json',
29 verbose headers   'cache-control': 'max-age=0',
29 verbose headers   'content-length': '2',
29 verbose headers   'accept-ranges': 'bytes',
29 verbose headers   date: 'Sun, 10 Apr 2016 19:13:04 GMT',
29 verbose headers   via: '1.1 varnish',
29 verbose headers   age: '0',
29 verbose headers   connection: 'keep-alive',
29 verbose headers   'x-served-by': 'cache-fra1231-FRA',
29 verbose headers   'x-cache': 'MISS',
29 verbose headers   'x-cache-hits': '0',
29 verbose headers   'x-timer': 'S1460315584.045561,VS0,VE108',
29 verbose headers   vary: 'Accept-Encoding' }
30 silly get cb [ 404,
30 silly get   { 'content-type': 'application/json',
30 silly get     'cache-control': 'max-age=0',
30 silly get     'content-length': '2',
30 silly get     'accept-ranges': 'bytes',
30 silly get     date: 'Sun, 10 Apr 2016 19:13:04 GMT',
30 silly get     via: '1.1 varnish',
30 silly get     age: '0',
30 silly get     connection: 'keep-alive',
30 silly get     'x-served-by': 'cache-fra1231-FRA',
30 silly get     'x-cache': 'MISS',
30 silly get     'x-cache-hits': '0',
30 silly get     'x-timer': 'S1460315584.045561,VS0,VE108',
30 silly get     vary: 'Accept-Encoding' } ]
31 verbose stack Error: Registry returned 404 for GET on https://registry.npmjs.org/io.connect
31 verbose stack     at makeError (/home/ubuntu/.nvm/versions/node/v4.4.0/lib/node_modules/npm/node_modules/npm-registry-client/lib/request.js:264:12)
31 verbose stack     at CachingRegistryClient.<anonymous> (/home/ubuntu/.nvm/versions/node/v4.4.0/lib/node_modules/npm/node_modules/npm-registry-client/lib/request.js:242:14)
31 verbose stack     at Request._callback (/home/ubuntu/.nvm/versions/node/v4.4.0/lib/node_modules/npm/node_modules/npm-registry-client/lib/request.js:172:14)
31 verbose stack     at Request.self.callback (/home/ubuntu/.nvm/versions/node/v4.4.0/lib/node_modules/npm/node_modules/request/request.js:199:22)
31 verbose stack     at emitTwo (events.js:87:13)
31 verbose stack     at Request.emit (events.js:172:7)
31 verbose stack     at Request.<anonymous> (/home/ubuntu/.nvm/versions/node/v4.4.0/lib/node_modules/npm/node_modules/request/request.js:1036:10)
31 verbose stack     at emitOne (events.js:82:20)
31 verbose stack     at Request.emit (events.js:169:7)
31 verbose stack     at IncomingMessage.<anonymous> (/home/ubuntu/.nvm/versions/node/v4.4.0/lib/node_modules/npm/node_modules/request/request.js:963:12)
32 verbose statusCode 404
33 verbose pkgid io.connect
34 verbose cwd /home/ubuntu/workspace
35 error Linux 4.2.0-c9
36 error argv "/home/ubuntu/.nvm/versions/node/v4.4.0/bin/node" "/home/ubuntu/.nvm/versions/node/v4.4.0/bin/npm" "install" "io.connect"
37 error node v4.4.0
38 error npm  v2.14.20
39 error code E404
40 error 404 Registry returned 404 for GET on https://registry.npmjs.org/io.connect
40 error 404
40 error 404 'io.connect' is not in the npm registry.
40 error 404 You should bug the author to publish it (or use the name yourself!)
40 error 404 It was specified as a dependency of 'klepetalnice'
40 error 404
40 error 404 Note that you can also install from a
40 error 404 tarball, folder, http url, or git url.
41 verbose exit [ 1, true ]
